2020-09-17 15:39:27,017 [Worker-4: Loading available Gradle versions] INFO  o.e.b.c.i.u.g.PublishedGradleVersions - Gradle version information cache is up-to-date. Trying to read.
2020-09-17 15:40:08,114 [Worker-4: Importing Maven projects] INFO  o.e.m.c.i.l.LifecycleMappingFactory - Using org.eclipse.m2e.jdt.JarLifecycleMapping lifecycle mapping for MavenProject: com.active.lk:active-lk:0.0.1-SNAPSHOT @ C:\Users\sutha\activeLK\workspace\active-lk\pom.xml.
2020-09-17 15:40:10,945 [Worker-4: Importing Maven projects] INFO  o.e.m.j.i.AbstractJavaProjectConfigurator - Adding source folder /active-lk/src/main/java
2020-09-17 15:40:10,946 [Worker-4: Importing Maven projects] INFO  o.e.m.j.i.AbstractJavaProjectConfigurator - Adding resource folder /active-lk/src/main/resources
2020-09-17 15:40:10,947 [Worker-4: Importing Maven projects] INFO  o.e.m.j.i.AbstractJavaProjectConfigurator - Adding resource folder /active-lk/src/main/resources
2020-09-17 15:40:10,948 [Worker-4: Importing Maven projects] INFO  o.e.m.j.i.AbstractJavaProjectConfigurator - Adding source folder /active-lk/src/test/java
2020-09-17 15:40:12,063 [Worker-4: Importing Maven projects] INFO  o.e.m.c.i.p.ProjectConfigurationManager - Imported and configured 1 project(s) in 6 sec
2020-09-17 15:40:14,897 [Worker-6: Building] INFO  o.e.m.c.i.embedder.EclipseLogger - Using 'UTF-8' encoding to copy filtered resources.
2020-09-17 15:40:14,902 [Worker-6: Building] INFO  o.e.m.c.i.embedder.EclipseLogger - Copying 1 resource
2020-09-17 15:40:14,917 [Worker-6: Building] INFO  o.e.m.c.i.embedder.EclipseLogger - Copying 0 resource
2020-09-17 15:40:14,921 [Worker-6: Building] INFO  o.e.m.c.i.embedder.EclipseLogger - Using 'UTF-8' encoding to copy filtered resources.
2020-09-17 15:40:14,921 [Worker-6: Building] INFO  o.e.m.c.i.embedder.EclipseLogger - skip non existing resourceDirectory C:\Users\sutha\activeLK\workspace\active-lk\src\test\resources
2020-09-17 15:40:31,589 [Worker-2: Building] INFO  o.e.m.c.i.embedder.EclipseLogger - Using 'UTF-8' encoding to copy filtered resources.
2020-09-17 15:40:31,590 [Worker-2: Building] INFO  o.e.m.c.i.embedder.EclipseLogger - skip non existing resourceDirectory C:\Users\sutha\activeLK\workspace\active-lk\src\test\resources
2020-09-17 15:44:23,899 [Worker-5: Building] INFO  o.e.m.c.i.l.LifecycleMappingFactory - Using org.eclipse.m2e.jdt.JarLifecycleMapping lifecycle mapping for MavenProject: com.active.lk:active-lk:0.0.1-SNAPSHOT @ C:\Users\sutha\activeLK\workspace\active-lk\pom.xml.
2020-09-17 15:44:26,924 [Worker-5: Building] INFO  o.e.m.c.i.e.AbstractTransferListenerAdapter - Downloading https://repo.maven.apache.org/maven2/com/opencsv/opencsv/4.1/opencsv-4.1.pom
2020-09-17 15:44:27,534 [Worker-5: Building] INFO  o.e.m.c.i.e.AbstractTransferListenerAdapter - Downloaded https://repo.maven.apache.org/maven2/com/opencsv/opencsv/4.1/opencsv-4.1.pom
2020-09-17 15:44:27,835 [Worker-5: Building] INFO  o.e.m.c.i.e.AbstractTransferListenerAdapter - Downloading https://repo.maven.apache.org/maven2/org/apache/commons/commons-text/1.1/commons-text-1.1.pom
2020-09-17 15:44:28,148 [Worker-5: Building] INFO  o.e.m.c.i.e.AbstractTransferListenerAdapter - Downloaded https://repo.maven.apache.org/maven2/org/apache/commons/commons-text/1.1/commons-text-1.1.pom
2020-09-17 15:44:28,455 [Worker-5: Building] INFO  o.e.m.c.i.e.AbstractTransferListenerAdapter - Downloading https://repo.maven.apache.org/maven2/commons-beanutils/commons-beanutils/1.9.3/commons-beanutils-1.9.3.pom
2020-09-17 15:44:28,792 [Worker-5: Building] INFO  o.e.m.c.i.e.AbstractTransferListenerAdapter - Downloaded https://repo.maven.apache.org/maven2/commons-beanutils/commons-beanutils/1.9.3/commons-beanutils-1.9.3.pom
2020-09-17 15:44:29,068 [Worker-5: Building] INFO  o.e.m.c.i.e.AbstractTransferListenerAdapter - Downloading https://repo.maven.apache.org/maven2/org/apache/commons/commons-parent/41/commons-parent-41.pom
2020-09-17 15:44:29,509 [Worker-5: Building] INFO  o.e.m.c.i.e.AbstractTransferListenerAdapter - Downloaded https://repo.maven.apache.org/maven2/org/apache/commons/commons-parent/41/commons-parent-41.pom
2020-09-17 15:44:29,997 [Worker-5: Building] INFO  o.e.m.c.i.e.AbstractTransferListenerAdapter - Downloading https://repo.maven.apache.org/maven2/commons-collections/commons-collections/3.2.2/commons-collections-3.2.2.pom
2020-09-17 15:44:30,248 [Worker-5: Building] INFO  o.e.m.c.i.e.AbstractTransferListenerAdapter - Downloaded https://repo.maven.apache.org/maven2/commons-collections/commons-collections/3.2.2/commons-collections-3.2.2.pom
2020-09-17 15:44:30,817 [AetherRepositoryConnector-repo.maven.apache.org-0-0] INFO  o.e.m.c.i.e.AbstractTransferListenerAdapter - Downloading https://repo.maven.apache.org/maven2/com/opencsv/opencsv/4.1/opencsv-4.1.jar
2020-09-17 15:44:31,131 [AetherRepositoryConnector-repo.maven.apache.org-0-3] INFO  o.e.m.c.i.e.AbstractTransferListenerAdapter - Downloading https://repo.maven.apache.org/maven2/commons-collections/commons-collections/3.2.2/commons-collections-3.2.2.jar
2020-09-17 15:44:31,131 [AetherRepositoryConnector-repo.maven.apache.org-0-2] INFO  o.e.m.c.i.e.AbstractTransferListenerAdapter - Downloading https://repo.maven.apache.org/maven2/commons-beanutils/commons-beanutils/1.9.3/commons-beanutils-1.9.3.jar
2020-09-17 15:44:31,427 [AetherRepositoryConnector-repo.maven.apache.org-0-1] INFO  o.e.m.c.i.e.AbstractTransferListenerAdapter - Downloading https://repo.maven.apache.org/maven2/org/apache/commons/commons-text/1.1/commons-text-1.1.jar
2020-09-17 15:44:31,820 [AetherRepositoryConnector-repo.maven.apache.org-0-0] INFO  o.e.m.c.i.e.AbstractTransferListenerAdapter - Downloaded https://repo.maven.apache.org/maven2/com/opencsv/opencsv/4.1/opencsv-4.1.jar
2020-09-17 15:44:32,176 [AetherRepositoryConnector-repo.maven.apache.org-0-1] INFO  o.e.m.c.i.e.AbstractTransferListenerAdapter - Downloaded https://repo.maven.apache.org/maven2/org/apache/commons/commons-text/1.1/commons-text-1.1.jar
2020-09-17 15:44:32,181 [AetherRepositoryConnector-repo.maven.apache.org-0-2] INFO  o.e.m.c.i.e.AbstractTransferListenerAdapter - Downloaded https://repo.maven.apache.org/maven2/commons-beanutils/commons-beanutils/1.9.3/commons-beanutils-1.9.3.jar
2020-09-17 15:44:32,400 [AetherRepositoryConnector-repo.maven.apache.org-0-3] INFO  o.e.m.c.i.e.AbstractTransferListenerAdapter - Downloaded https://repo.maven.apache.org/maven2/commons-collections/commons-collections/3.2.2/commons-collections-3.2.2.jar
2020-09-17 15:44:33,634 [Worker-5: Building] INFO  o.e.m.c.i.embedder.EclipseLogger - Using 'UTF-8' encoding to copy filtered resources.
2020-09-17 15:44:33,641 [Worker-5: Building] INFO  o.e.m.c.i.embedder.EclipseLogger - Copying 1 resource
2020-09-17 15:44:33,656 [Worker-5: Building] INFO  o.e.m.c.i.embedder.EclipseLogger - Copying 2 resources
2020-09-17 15:44:33,674 [Worker-5: Building] INFO  o.e.m.c.i.embedder.EclipseLogger - Using 'UTF-8' encoding to copy filtered resources.
2020-09-17 15:44:33,674 [Worker-5: Building] INFO  o.e.m.c.i.embedder.EclipseLogger - skip non existing resourceDirectory C:\Users\sutha\activeLK\workspace\active-lk\src\test\resources
2020-09-17 15:44:36,153 [Worker-10: Building] INFO  o.e.m.c.i.embedder.EclipseLogger - Using 'UTF-8' encoding to copy filtered resources.
2020-09-17 15:44:36,155 [Worker-10: Building] INFO  o.e.m.c.i.embedder.EclipseLogger - Copying 1 resource
2020-09-17 15:44:36,160 [Worker-10: Building] INFO  o.e.m.c.i.embedder.EclipseLogger - Copying 2 resources
2020-09-17 15:44:36,170 [Worker-10: Building] INFO  o.e.m.c.i.embedder.EclipseLogger - Using 'UTF-8' encoding to copy filtered resources.
2020-09-17 15:44:36,171 [Worker-10: Building] INFO  o.e.m.c.i.embedder.EclipseLogger - skip non existing resourceDirectory C:\Users\sutha\activeLK\workspace\active-lk\src\test\resources
2020-09-17 15:44:36,959 [Worker-8: Download sources and javadoc] INFO  o.e.m.c.i.e.AbstractTransferListenerAdapter - Downloading https://repo.maven.apache.org/maven2/com/opencsv/opencsv/4.1/opencsv-4.1-sources.jar
2020-09-17 15:44:38,177 [Worker-8: Download sources and javadoc] INFO  o.e.m.c.i.e.AbstractTransferListenerAdapter - Downloaded https://repo.maven.apache.org/maven2/com/opencsv/opencsv/4.1/opencsv-4.1-sources.jar
2020-09-17 15:44:38,257 [Worker-8: Download sources and javadoc] INFO  o.e.m.j.internal.DownloadSourcesJob - Downloaded sources for com.opencsv:opencsv:4.1
2020-09-17 15:44:39,816 [Worker-8: Download sources and javadoc] INFO  o.e.m.c.i.e.AbstractTransferListenerAdapter - Downloading https://repo.maven.apache.org/maven2/org/apache/commons/commons-text/1.1/commons-text-1.1-sources.jar
2020-09-17 15:44:41,352 [Worker-8: Download sources and javadoc] INFO  o.e.m.c.i.e.AbstractTransferListenerAdapter - Downloaded https://repo.maven.apache.org/maven2/org/apache/commons/commons-text/1.1/commons-text-1.1-sources.jar
2020-09-17 15:44:41,393 [Worker-8: Download sources and javadoc] INFO  o.e.m.j.internal.DownloadSourcesJob - Downloaded sources for org.apache.commons:commons-text:1.1
2020-09-17 15:44:42,579 [Worker-8: Download sources and javadoc] INFO  o.e.m.c.i.e.AbstractTransferListenerAdapter - Downloading https://repo.maven.apache.org/maven2/commons-beanutils/commons-beanutils/1.9.3/commons-beanutils-1.9.3-sources.jar
2020-09-17 15:44:44,433 [Worker-8: Download sources and javadoc] INFO  o.e.m.c.i.e.AbstractTransferListenerAdapter - Downloaded https://repo.maven.apache.org/maven2/commons-beanutils/commons-beanutils/1.9.3/commons-beanutils-1.9.3-sources.jar
2020-09-17 15:44:44,470 [Worker-8: Download sources and javadoc] INFO  o.e.m.j.internal.DownloadSourcesJob - Downloaded sources for commons-beanutils:commons-beanutils:1.9.3
2020-09-17 15:44:45,448 [Worker-8: Download sources and javadoc] INFO  o.e.m.c.i.e.AbstractTransferListenerAdapter - Downloading https://repo.maven.apache.org/maven2/commons-collections/commons-collections/3.2.2/commons-collections-3.2.2-sources.jar
2020-09-17 15:44:47,599 [Worker-8: Download sources and javadoc] INFO  o.e.m.c.i.e.AbstractTransferListenerAdapter - Downloaded https://repo.maven.apache.org/maven2/commons-collections/commons-collections/3.2.2/commons-collections-3.2.2-sources.jar
2020-09-17 15:44:47,644 [Worker-8: Download sources and javadoc] INFO  o.e.m.j.internal.DownloadSourcesJob - Downloaded sources for commons-collections:commons-collections:3.2.2
2020-09-17 15:44:48,568 [Worker-5: Building] INFO  o.e.m.c.i.embedder.EclipseLogger - Using 'UTF-8' encoding to copy filtered resources.
2020-09-17 15:44:48,568 [Worker-5: Building] INFO  o.e.m.c.i.embedder.EclipseLogger - Copying 0 resource
2020-09-17 15:44:48,569 [Worker-5: Building] INFO  o.e.m.c.i.embedder.EclipseLogger - Copying 0 resource
2020-09-17 15:44:48,572 [Worker-5: Building] INFO  o.e.m.c.i.embedder.EclipseLogger - Using 'UTF-8' encoding to copy filtered resources.
2020-09-17 15:44:48,572 [Worker-5: Building] INFO  o.e.m.c.i.embedder.EclipseLogger - skip non existing resourceDirectory C:\Users\sutha\activeLK\workspace\active-lk\src\test\resources
2020-09-29 11:37:43,841 [Worker-2: Loading available Gradle versions] INFO  o.e.b.c.i.u.g.PublishedGradleVersions - Gradle version information cache is out-of-date. Trying to update.
2020-10-05 23:58:06,818 [Worker-0: Loading available Gradle versions] INFO  o.e.b.c.i.u.g.PublishedGradleVersions - Gradle version information cache is out-of-date. Trying to update.
2020-10-13 11:09:45,174 [Worker-4: Loading available Gradle versions] INFO  o.e.b.c.i.u.g.PublishedGradleVersions - Gradle version information cache is out-of-date. Trying to update.
2020-11-23 00:59:03,291 [Worker-5: Loading available Gradle versions] INFO  o.e.b.c.i.u.g.PublishedGradleVersions - Gradle version information cache is out-of-date. Trying to update.
2020-11-23 10:20:39,418 [Worker-4: Loading available Gradle versions] INFO  o.e.b.c.i.u.g.PublishedGradleVersions - Gradle version information cache is up-to-date. Trying to read.
2020-11-23 12:39:07,994 [Worker-27: Building] INFO  o.e.m.c.i.embedder.EclipseLogger - Using 'UTF-8' encoding to copy filtered resources.
2020-11-23 12:39:08,001 [Worker-27: Building] INFO  o.e.m.c.i.embedder.EclipseLogger - Copying 1 resource
2020-11-23 12:39:08,016 [Worker-27: Building] INFO  o.e.m.c.i.embedder.EclipseLogger - Copying 2 resources
2020-11-23 12:39:08,029 [Worker-27: Building] INFO  o.e.m.c.i.embedder.EclipseLogger - Using 'UTF-8' encoding to copy filtered resources.
2020-11-23 12:39:08,029 [Worker-27: Building] INFO  o.e.m.c.i.embedder.EclipseLogger - skip non existing resourceDirectory C:\Users\sutha\activeLK\workspace\active-lk\src\test\resources
2020-11-23 12:53:27,926 [Worker-30: Launching Executing clean in C__Users_sutha_activeLK_workspace_active-lk] INFO  o.e.m.i.launch.MavenLaunchDelegate - C:\Users\sutha\activeLK\workspace\active-lk
2020-11-23 12:53:27,927 [Worker-30: Launching Executing clean in C__Users_sutha_activeLK_workspace_active-lk] INFO  o.e.m.i.launch.MavenLaunchDelegate -  mvn -B clean -Dstyle.color=always
2020-11-23 12:53:33,201 [Worker-32: Building] INFO  o.e.m.c.i.embedder.EclipseLogger - Using 'UTF-8' encoding to copy filtered resources.
2020-11-23 12:53:33,204 [Worker-32: Building] INFO  o.e.m.c.i.embedder.EclipseLogger - Copying 1 resource
2020-11-23 12:53:33,207 [Worker-32: Building] INFO  o.e.m.c.i.embedder.EclipseLogger - Copying 2 resources
2020-11-23 12:53:33,214 [Worker-32: Building] INFO  o.e.m.c.i.embedder.EclipseLogger - Using 'UTF-8' encoding to copy filtered resources.
2020-11-23 12:53:33,215 [Worker-32: Building] INFO  o.e.m.c.i.embedder.EclipseLogger - skip non existing resourceDirectory C:\Users\sutha\activeLK\workspace\active-lk\src\test\resources
2020-11-23 12:55:00,525 [Worker-33: Launching Executing clean in C__Users_sutha_activeLK_workspace_active-lk] INFO  o.e.m.i.launch.MavenLaunchDelegate - C:\Users\sutha\activeLK\workspace\active-lk
2020-11-23 12:55:00,525 [Worker-33: Launching Executing clean in C__Users_sutha_activeLK_workspace_active-lk] INFO  o.e.m.i.launch.MavenLaunchDelegate -  mvn -B clean -Dstyle.color=always
2020-11-23 12:55:03,571 [Worker-30: Building] INFO  o.e.m.c.i.embedder.EclipseLogger - Using 'UTF-8' encoding to copy filtered resources.
2020-11-23 12:55:03,573 [Worker-30: Building] INFO  o.e.m.c.i.embedder.EclipseLogger - Copying 1 resource
2020-11-23 12:55:03,577 [Worker-30: Building] INFO  o.e.m.c.i.embedder.EclipseLogger - Copying 2 resources
2020-11-23 12:55:03,588 [Worker-30: Building] INFO  o.e.m.c.i.embedder.EclipseLogger - Using 'UTF-8' encoding to copy filtered resources.
2020-11-23 12:55:03,589 [Worker-30: Building] INFO  o.e.m.c.i.embedder.EclipseLogger - skip non existing resourceDirectory C:\Users\sutha\activeLK\workspace\active-lk\src\test\resources
2020-11-23 12:55:09,740 [Worker-31: Launching Executing install in C__Users_sutha_activeLK_workspace_active-lk] INFO  o.e.m.i.launch.MavenLaunchDelegate - C:\Users\sutha\activeLK\workspace\active-lk
2020-11-23 12:55:09,740 [Worker-31: Launching Executing install in C__Users_sutha_activeLK_workspace_active-lk] INFO  o.e.m.i.launch.MavenLaunchDelegate -  mvn -B install -Dstyle.color=always
2020-11-23 12:55:20,986 [Worker-32: Building] INFO  o.e.m.c.i.embedder.EclipseLogger - Using 'UTF-8' encoding to copy filtered resources.
2020-11-23 12:55:20,989 [Worker-32: Building] INFO  o.e.m.c.i.embedder.EclipseLogger - Copying 1 resource
2020-11-23 12:55:20,996 [Worker-32: Building] INFO  o.e.m.c.i.embedder.EclipseLogger - Copying 2 resources
2020-11-23 12:55:21,016 [Worker-32: Building] INFO  o.e.m.c.i.embedder.EclipseLogger - Using 'UTF-8' encoding to copy filtered resources.
2020-11-23 12:55:21,016 [Worker-32: Building] INFO  o.e.m.c.i.embedder.EclipseLogger - skip non existing resourceDirectory C:\Users\sutha\activeLK\workspace\active-lk\src\test\resources
2020-11-23 15:17:17,696 [Worker-55: Launching Executing clean in C__Users_sutha_activeLK_workspace_active-lk] INFO  o.e.m.i.launch.MavenLaunchDelegate - C:\Users\sutha\activeLK\workspace\active-lk
2020-11-23 15:17:17,698 [Worker-55: Launching Executing clean in C__Users_sutha_activeLK_workspace_active-lk] INFO  o.e.m.i.launch.MavenLaunchDelegate -  mvn -B clean -Dstyle.color=always
2020-11-23 15:17:28,206 [Worker-62: Launching Executing install in C__Users_sutha_activeLK_workspace_active-lk] INFO  o.e.m.i.launch.MavenLaunchDelegate - C:\Users\sutha\activeLK\workspace\active-lk
2020-11-23 15:17:28,208 [Worker-62: Launching Executing install in C__Users_sutha_activeLK_workspace_active-lk] INFO  o.e.m.i.launch.MavenLaunchDelegate -  mvn -B install -Dstyle.color=always
2020-11-23 15:33:23,011 [Worker-65: Building] INFO  o.e.m.c.i.embedder.EclipseLogger - Using 'UTF-8' encoding to copy filtered resources.
2020-11-23 15:33:23,014 [Worker-65: Building] INFO  o.e.m.c.i.embedder.EclipseLogger - Copying 1 resource
2020-11-23 15:33:23,018 [Worker-65: Building] INFO  o.e.m.c.i.embedder.EclipseLogger - Copying 2 resources
2020-11-23 15:33:23,023 [Worker-65: Building] INFO  o.e.m.c.i.embedder.EclipseLogger - Using 'UTF-8' encoding to copy filtered resources.
2020-11-23 15:33:23,023 [Worker-65: Building] INFO  o.e.m.c.i.embedder.EclipseLogger - skip non existing resourceDirectory C:\Users\sutha\activeLK\workspace\active-lk\src\test\resources
2020-11-23 15:33:24,111 [Worker-68: Building] INFO  o.e.m.c.i.embedder.EclipseLogger - Using 'UTF-8' encoding to copy filtered resources.
2020-11-23 15:33:24,115 [Worker-68: Building] INFO  o.e.m.c.i.embedder.EclipseLogger - Copying 1 resource
2020-11-23 15:33:24,124 [Worker-68: Building] INFO  o.e.m.c.i.embedder.EclipseLogger - Copying 2 resources
2020-11-23 15:33:24,132 [Worker-68: Building] INFO  o.e.m.c.i.embedder.EclipseLogger - Using 'UTF-8' encoding to copy filtered resources.
2020-11-23 15:33:24,133 [Worker-68: Building] INFO  o.e.m.c.i.embedder.EclipseLogger - skip non existing resourceDirectory C:\Users\sutha\activeLK\workspace\active-lk\src\test\resources
2020-11-23 15:38:08,340 [Worker-69: Launching Executing clean in C__Users_sutha_activeLK_workspace_active-lk] INFO  o.e.m.i.launch.MavenLaunchDelegate - C:\Users\sutha\activeLK\workspace\active-lk
2020-11-23 15:38:08,340 [Worker-69: Launching Executing clean in C__Users_sutha_activeLK_workspace_active-lk] INFO  o.e.m.i.launch.MavenLaunchDelegate -  mvn -B clean -Dstyle.color=always
2020-11-23 15:38:11,769 [Worker-69: Building] INFO  o.e.m.c.i.embedder.EclipseLogger - Using 'UTF-8' encoding to copy filtered resources.
2020-11-23 15:38:11,771 [Worker-69: Building] INFO  o.e.m.c.i.embedder.EclipseLogger - Copying 1 resource
2020-11-23 15:38:11,775 [Worker-69: Building] INFO  o.e.m.c.i.embedder.EclipseLogger - Copying 2 resources
2020-11-23 15:38:11,784 [Worker-69: Building] INFO  o.e.m.c.i.embedder.EclipseLogger - Using 'UTF-8' encoding to copy filtered resources.
2020-11-23 15:38:11,785 [Worker-69: Building] INFO  o.e.m.c.i.embedder.EclipseLogger - skip non existing resourceDirectory C:\Users\sutha\activeLK\workspace\active-lk\src\test\resources
2020-11-23 15:38:19,875 [Worker-30: Launching Executing install in C__Users_sutha_activeLK_workspace_active-lk] INFO  o.e.m.i.launch.MavenLaunchDelegate - C:\Users\sutha\activeLK\workspace\active-lk
2020-11-23 15:38:19,875 [Worker-30: Launching Executing install in C__Users_sutha_activeLK_workspace_active-lk] INFO  o.e.m.i.launch.MavenLaunchDelegate -  mvn -B install -Dstyle.color=always
2020-11-23 15:38:30,893 [Worker-30: Building] INFO  o.e.m.c.i.embedder.EclipseLogger - Using 'UTF-8' encoding to copy filtered resources.
2020-11-23 15:38:30,895 [Worker-30: Building] INFO  o.e.m.c.i.embedder.EclipseLogger - Copying 1 resource
2020-11-23 15:38:30,898 [Worker-30: Building] INFO  o.e.m.c.i.embedder.EclipseLogger - Copying 2 resources
2020-11-23 15:38:30,911 [Worker-30: Building] INFO  o.e.m.c.i.embedder.EclipseLogger - Using 'UTF-8' encoding to copy filtered resources.
2020-11-23 15:38:30,911 [Worker-30: Building] INFO  o.e.m.c.i.embedder.EclipseLogger - skip non existing resourceDirectory C:\Users\sutha\activeLK\workspace\active-lk\src\test\resources
2020-11-24 10:44:37,480 [Worker-1: Loading available Gradle versions] INFO  o.e.b.c.i.u.g.PublishedGradleVersions - Gradle version information cache is out-of-date. Trying to update.
2020-11-24 10:44:38,595 [Worker-1: Loading available Gradle versions] INFO  o.e.b.c.i.u.g.PublishedGradleVersions - Updating Gradle version information cache failed. Using outdated cache.
2020-11-24 10:56:15,953 [Worker-14: Launching active-lk - Application] INFO  o.e.m.c.i.embedder.EclipseLogger - Using 'UTF-8' encoding to copy filtered resources.
2020-11-24 10:56:15,961 [Worker-14: Launching active-lk - Application] INFO  o.e.m.c.i.embedder.EclipseLogger - Copying 1 resource
2020-11-24 10:56:15,980 [Worker-14: Launching active-lk - Application] INFO  o.e.m.c.i.embedder.EclipseLogger - Copying 2 resources
2020-11-24 10:56:15,996 [Worker-14: Launching active-lk - Application] INFO  o.e.m.c.i.embedder.EclipseLogger - Using 'UTF-8' encoding to copy filtered resources.
2020-11-24 10:56:15,997 [Worker-14: Launching active-lk - Application] INFO  o.e.m.c.i.embedder.EclipseLogger - skip non existing resourceDirectory C:\Users\sutha\activeLK\workspace\active-lk\src\test\resources
2020-11-30 10:33:04,544 [Worker-1: Loading available Gradle versions] INFO  o.e.b.c.i.u.g.PublishedGradleVersions - Gradle version information cache is out-of-date. Trying to update.
2020-11-30 10:33:05,331 [Worker-1: Loading available Gradle versions] INFO  o.e.b.c.i.u.g.PublishedGradleVersions - Updating Gradle version information cache failed. Using outdated cache.
2020-11-30 16:12:47,769 [Worker-60: Importing Maven projects] INFO  o.e.m.c.i.l.LifecycleMappingFactory - Using org.eclipse.m2e.jdt.JarLifecycleMapping lifecycle mapping for MavenProject: com.example:JavaFun:0.0.1-SNAPSHOT @ C:\Users\sutha\Documents\STS Java\JavaFun\pom.xml.
2020-11-30 16:12:48,080 [Worker-60: Importing Maven projects] INFO  o.e.m.c.i.l.LifecycleMappingFactory - Using org.eclipse.m2e.jdt.JarLifecycleMapping lifecycle mapping for MavenProject: com.example:TaskSchedule:0.0.1-SNAPSHOT @ C:\Users\sutha\Documents\STS Java\TaskSchedule\pom.xml.
2020-11-30 16:12:48,606 [Worker-60: Importing Maven projects] INFO  o.e.m.c.i.l.LifecycleMappingFactory - Using org.eclipse.m2e.jdt.JarLifecycleMapping lifecycle mapping for MavenProject: com.example:Collectoion-2:0.0.1-SNAPSHOT @ C:\Users\sutha\Documents\STS Java\Collectoion-2\pom.xml.
2020-11-30 16:12:49,026 [Worker-60: Importing Maven projects] INFO  o.e.m.c.i.l.LifecycleMappingFactory - Using org.eclipse.m2e.jdt.JarLifecycleMapping lifecycle mapping for MavenProject: com.example:Collectoion-3:0.0.1-SNAPSHOT @ C:\Users\sutha\Documents\STS Java\Collectoion-3\pom.xml.
2020-11-30 16:12:49,586 [Worker-60: Importing Maven projects] INFO  o.e.m.c.i.l.LifecycleMappingFactory - Using org.eclipse.m2e.jdt.JarLifecycleMapping lifecycle mapping for MavenProject: com.example:JavaSTS-1:0.0.1-SNAPSHOT @ C:\Users\sutha\Documents\STS Java\JavaSTS-1\pom.xml.
2020-11-30 16:12:49,894 [Worker-60: Importing Maven projects] INFO  o.e.m.c.i.l.LifecycleMappingFactory - Using org.eclipse.m2e.jdt.JarLifecycleMapping lifecycle mapping for MavenProject: com.example:Collectoion:0.0.1-SNAPSHOT @ C:\Users\sutha\Documents\STS Java\Collectoion\pom.xml.
2020-11-30 16:12:50,172 [Worker-60: Importing Maven projects] INFO  o.e.m.c.i.l.LifecycleMappingFactory - Using org.eclipse.m2e.jdt.JarLifecycleMapping lifecycle mapping for MavenProject: com.example:JavaSTS:0.0.1-SNAPSHOT @ C:\Users\sutha\Documents\STS Java\JavaSTS\pom.xml.
2020-11-30 16:12:53,324 [Worker-60: Importing Maven projects] INFO  o.e.m.j.i.AbstractJavaProjectConfigurator - Adding source folder /TaskSchedule/src/main/java
2020-11-30 16:12:53,324 [Worker-60: Importing Maven projects] INFO  o.e.m.j.i.AbstractJavaProjectConfigurator - Adding resource folder /TaskSchedule/src/main/resources
2020-11-30 16:12:53,325 [Worker-60: Importing Maven projects] INFO  o.e.m.j.i.AbstractJavaProjectConfigurator - Adding resource folder /TaskSchedule/src/main/resources
2020-11-30 16:12:53,325 [Worker-60: Importing Maven projects] INFO  o.e.m.j.i.AbstractJavaProjectConfigurator - Adding source folder /TaskSchedule/src/test/java
2020-11-30 16:12:53,611 [Worker-60: Importing Maven projects] INFO  o.e.m.j.i.AbstractJavaProjectConfigurator - Adding source folder /Collectoion-2/src/main/java
2020-11-30 16:12:53,612 [Worker-60: Importing Maven projects] INFO  o.e.m.j.i.AbstractJavaProjectConfigurator - Adding resource folder /Collectoion-2/src/main/resources
2020-11-30 16:12:53,613 [Worker-60: Importing Maven projects] INFO  o.e.m.j.i.AbstractJavaProjectConfigurator - Adding resource folder /Collectoion-2/src/main/resources
2020-11-30 16:12:53,613 [Worker-60: Importing Maven projects] INFO  o.e.m.j.i.AbstractJavaProjectConfigurator - Adding source folder /Collectoion-2/src/test/java
2020-11-30 16:12:53,929 [Worker-60: Importing Maven projects] INFO  o.e.m.j.i.AbstractJavaProjectConfigurator - Adding source folder /JavaFun/src/main/java
2020-11-30 16:12:53,930 [Worker-60: Importing Maven projects] INFO  o.e.m.j.i.AbstractJavaProjectConfigurator - Adding resource folder /JavaFun/src/main/resources
2020-11-30 16:12:53,935 [Worker-60: Importing Maven projects] INFO  o.e.m.j.i.AbstractJavaProjectConfigurator - Adding resource folder /JavaFun/src/main/resources
2020-11-30 16:12:53,940 [Worker-60: Importing Maven projects] INFO  o.e.m.j.i.AbstractJavaProjectConfigurator - Adding source folder /JavaFun/src/test/java
2020-11-30 16:12:54,056 [Worker-60: Importing Maven projects] INFO  o.e.m.j.i.AbstractJavaProjectConfigurator - Adding source folder /Collectoion/src/main/java
2020-11-30 16:12:54,056 [Worker-60: Importing Maven projects] INFO  o.e.m.j.i.AbstractJavaProjectConfigurator - Adding resource folder /Collectoion/src/main/resources
2020-11-30 16:12:54,057 [Worker-60: Importing Maven projects] INFO  o.e.m.j.i.AbstractJavaProjectConfigurator - Adding resource folder /Collectoion/src/main/resources
2020-11-30 16:12:54,057 [Worker-60: Importing Maven projects] INFO  o.e.m.j.i.AbstractJavaProjectConfigurator - Adding source folder /Collectoion/src/test/java
2020-11-30 16:12:54,295 [Worker-60: Importing Maven projects] INFO  o.e.m.j.i.AbstractJavaProjectConfigurator - Adding source folder /JavaSTS/src/main/java
2020-11-30 16:12:54,296 [Worker-60: Importing Maven projects] INFO  o.e.m.j.i.AbstractJavaProjectConfigurator - Adding resource folder /JavaSTS/src/main/resources
2020-11-30 16:12:54,296 [Worker-60: Importing Maven projects] INFO  o.e.m.j.i.AbstractJavaProjectConfigurator - Adding resource folder /JavaSTS/src/main/resources
2020-11-30 16:12:54,297 [Worker-60: Importing Maven projects] INFO  o.e.m.j.i.AbstractJavaProjectConfigurator - Adding source folder /JavaSTS/src/test/java
2020-11-30 16:12:54,506 [Worker-60: Importing Maven projects] INFO  o.e.m.j.i.AbstractJavaProjectConfigurator - Adding source folder /Collectoion-3/src/main/java
2020-11-30 16:12:54,507 [Worker-60: Importing Maven projects] INFO  o.e.m.j.i.AbstractJavaProjectConfigurator - Adding resource folder /Collectoion-3/src/main/resources
2020-11-30 16:12:54,507 [Worker-60: Importing Maven projects] INFO  o.e.m.j.i.AbstractJavaProjectConfigurator - Adding resource folder /Collectoion-3/src/main/resources
2020-11-30 16:12:54,508 [Worker-60: Importing Maven projects] INFO  o.e.m.j.i.AbstractJavaProjectConfigurator - Adding source folder /Collectoion-3/src/test/java
2020-11-30 16:12:55,013 [Worker-60: Importing Maven projects] INFO  o.e.m.j.i.AbstractJavaProjectConfigurator - Adding source folder /JavaSTS-1/src/main/java
2020-11-30 16:12:55,013 [Worker-60: Importing Maven projects] INFO  o.e.m.j.i.AbstractJavaProjectConfigurator - Adding resource folder /JavaSTS-1/src/main/resources
2020-11-30 16:12:55,013 [Worker-60: Importing Maven projects] INFO  o.e.m.j.i.AbstractJavaProjectConfigurator - Adding resource folder /JavaSTS-1/src/main/resources
2020-11-30 16:12:55,014 [Worker-60: Importing Maven projects] INFO  o.e.m.j.i.AbstractJavaProjectConfigurator - Adding source folder /JavaSTS-1/src/test/java
2020-11-30 16:12:55,270 [Worker-60: Importing Maven projects] INFO  o.e.m.c.i.p.ProjectConfigurationManager - Imported and configured 7 project(s) in 10 sec
2020-11-30 16:12:56,877 [Worker-60: Building] INFO  o.e.m.c.i.embedder.EclipseLogger - Using 'UTF-8' encoding to copy filtered resources.
2020-11-30 16:12:56,882 [Worker-60: Building] INFO  o.e.m.c.i.embedder.EclipseLogger - Copying 1 resource
2020-11-30 16:12:56,895 [Worker-60: Building] INFO  o.e.m.c.i.embedder.EclipseLogger - Copying 0 resource
2020-11-30 16:12:56,898 [Worker-60: Building] INFO  o.e.m.c.i.embedder.EclipseLogger - Using 'UTF-8' encoding to copy filtered resources.
2020-11-30 16:12:56,898 [Worker-60: Building] INFO  o.e.m.c.i.embedder.EclipseLogger - skip non existing resourceDirectory C:\Users\sutha\Documents\STS Java\Collectoion\src\test\resources
2020-11-30 16:12:58,206 [Worker-60: Building] INFO  o.e.m.c.i.embedder.EclipseLogger - Using 'UTF-8' encoding to copy filtered resources.
2020-11-30 16:12:58,206 [Worker-60: Building] INFO  o.e.m.c.i.embedder.EclipseLogger - Copying 1 resource
2020-11-30 16:12:58,208 [Worker-60: Building] INFO  o.e.m.c.i.embedder.EclipseLogger - Copying 0 resource
2020-11-30 16:12:58,211 [Worker-60: Building] INFO  o.e.m.c.i.embedder.EclipseLogger - Using 'UTF-8' encoding to copy filtered resources.
2020-11-30 16:12:58,211 [Worker-60: Building] INFO  o.e.m.c.i.embedder.EclipseLogger - skip non existing resourceDirectory C:\Users\sutha\Documents\STS Java\Collectoion-2\src\test\resources
2020-11-30 16:12:59,006 [Worker-60: Building] INFO  o.e.m.c.i.embedder.EclipseLogger - Using 'UTF-8' encoding to copy filtered resources.
2020-11-30 16:12:59,006 [Worker-60: Building] INFO  o.e.m.c.i.embedder.EclipseLogger - Copying 1 resource
2020-11-30 16:12:59,008 [Worker-60: Building] INFO  o.e.m.c.i.embedder.EclipseLogger - Copying 0 resource
2020-11-30 16:12:59,010 [Worker-60: Building] INFO  o.e.m.c.i.embedder.EclipseLogger - Using 'UTF-8' encoding to copy filtered resources.
2020-11-30 16:12:59,010 [Worker-60: Building] INFO  o.e.m.c.i.embedder.EclipseLogger - skip non existing resourceDirectory C:\Users\sutha\Documents\STS Java\Collectoion-3\src\test\resources
2020-11-30 16:12:59,235 [Worker-60: Building] INFO  o.e.m.c.i.embedder.EclipseLogger - Using 'UTF-8' encoding to copy filtered resources.
2020-11-30 16:12:59,235 [Worker-60: Building] INFO  o.e.m.c.i.embedder.EclipseLogger - Copying 1 resource
2020-11-30 16:12:59,237 [Worker-60: Building] INFO  o.e.m.c.i.embedder.EclipseLogger - Copying 0 resource
2020-11-30 16:12:59,238 [Worker-60: Building] INFO  o.e.m.c.i.embedder.EclipseLogger - Using 'UTF-8' encoding to copy filtered resources.
2020-11-30 16:12:59,239 [Worker-60: Building] INFO  o.e.m.c.i.embedder.EclipseLogger - skip non existing resourceDirectory C:\Users\sutha\Documents\STS Java\JavaFun\src\test\resources
2020-11-30 16:12:59,808 [Worker-60: Building] INFO  o.e.m.c.i.embedder.EclipseLogger - Using 'UTF-8' encoding to copy filtered resources.
2020-11-30 16:12:59,808 [Worker-60: Building] INFO  o.e.m.c.i.embedder.EclipseLogger - Copying 1 resource
2020-11-30 16:12:59,811 [Worker-60: Building] INFO  o.e.m.c.i.embedder.EclipseLogger - Copying 0 resource
2020-11-30 16:12:59,814 [Worker-60: Building] INFO  o.e.m.c.i.embedder.EclipseLogger - Using 'UTF-8' encoding to copy filtered resources.
2020-11-30 16:12:59,814 [Worker-60: Building] INFO  o.e.m.c.i.embedder.EclipseLogger - skip non existing resourceDirectory C:\Users\sutha\Documents\STS Java\JavaSTS\src\test\resources
2020-11-30 16:13:00,399 [Worker-60: Building] INFO  o.e.m.c.i.embedder.EclipseLogger - Using 'UTF-8' encoding to copy filtered resources.
2020-11-30 16:13:00,399 [Worker-60: Building] INFO  o.e.m.c.i.embedder.EclipseLogger - Copying 1 resource
2020-11-30 16:13:00,407 [Worker-60: Building] INFO  o.e.m.c.i.embedder.EclipseLogger - Copying 0 resource
2020-11-30 16:13:00,410 [Worker-60: Building] INFO  o.e.m.c.i.embedder.EclipseLogger - Using 'UTF-8' encoding to copy filtered resources.
2020-11-30 16:13:00,410 [Worker-60: Building] INFO  o.e.m.c.i.embedder.EclipseLogger - skip non existing resourceDirectory C:\Users\sutha\Documents\STS Java\JavaSTS-1\src\test\resources
2020-11-30 16:13:01,175 [Worker-60: Building] INFO  o.e.m.c.i.embedder.EclipseLogger - Using 'UTF-8' encoding to copy filtered resources.
2020-11-30 16:13:01,175 [Worker-60: Building] INFO  o.e.m.c.i.embedder.EclipseLogger - Copying 1 resource
2020-11-30 16:13:01,177 [Worker-60: Building] INFO  o.e.m.c.i.embedder.EclipseLogger - Copying 0 resource
2020-11-30 16:13:01,180 [Worker-60: Building] INFO  o.e.m.c.i.embedder.EclipseLogger - Using 'UTF-8' encoding to copy filtered resources.
2020-11-30 16:13:01,180 [Worker-60: Building] INFO  o.e.m.c.i.embedder.EclipseLogger - skip non existing resourceDirectory C:\Users\sutha\Documents\STS Java\TaskSchedule\src\test\resources
2020-11-30 16:20:01,228 [Worker-61: Launching Executing clean in C__Users_sutha_activeLK_workspace_active-lk] INFO  o.e.m.i.launch.MavenLaunchDelegate - C:\Users\sutha\activeLK\workspace\active-lk
2020-11-30 16:20:01,229 [Worker-61: Launching Executing clean in C__Users_sutha_activeLK_workspace_active-lk] INFO  o.e.m.i.launch.MavenLaunchDelegate -  mvn -B clean -Dstyle.color=always
2020-11-30 16:20:06,992 [Worker-65: Building] INFO  o.e.m.c.i.embedder.EclipseLogger - Using 'UTF-8' encoding to copy filtered resources.
2020-11-30 16:20:06,993 [Worker-65: Building] INFO  o.e.m.c.i.embedder.EclipseLogger - Copying 1 resource
2020-11-30 16:20:07,016 [Worker-65: Building] INFO  o.e.m.c.i.embedder.EclipseLogger - Copying 2 resources
2020-11-30 16:20:07,031 [Worker-65: Building] INFO  o.e.m.c.i.embedder.EclipseLogger - Using 'UTF-8' encoding to copy filtered resources.
2020-11-30 16:20:07,031 [Worker-65: Building] INFO  o.e.m.c.i.embedder.EclipseLogger - skip non existing resourceDirectory C:\Users\sutha\activeLK\workspace\active-lk\src\test\resources
2020-11-30 16:20:14,771 [Worker-65: Launching Executing install in C__Users_sutha_activeLK_workspace_active-lk] INFO  o.e.m.i.launch.MavenLaunchDelegate - C:\Users\sutha\activeLK\workspace\active-lk
2020-11-30 16:20:14,772 [Worker-65: Launching Executing install in C__Users_sutha_activeLK_workspace_active-lk] INFO  o.e.m.i.launch.MavenLaunchDelegate -  mvn -B install -Dstyle.color=always
2020-11-30 16:20:26,470 [Worker-66: Building] INFO  o.e.m.c.i.embedder.EclipseLogger - Using 'UTF-8' encoding to copy filtered resources.
2020-11-30 16:20:26,474 [Worker-66: Building] INFO  o.e.m.c.i.embedder.EclipseLogger - Copying 1 resource
2020-11-30 16:20:26,479 [Worker-66: Building] INFO  o.e.m.c.i.embedder.EclipseLogger - Copying 2 resources
2020-11-30 16:20:26,489 [Worker-66: Building] INFO  o.e.m.c.i.embedder.EclipseLogger - Using 'UTF-8' encoding to copy filtered resources.
2020-11-30 16:20:26,489 [Worker-66: Building] INFO  o.e.m.c.i.embedder.EclipseLogger - skip non existing resourceDirectory C:\Users\sutha\activeLK\workspace\active-lk\src\test\resources
2020-11-30 16:32:34,413 [Worker-0: Loading available Gradle versions] INFO  o.e.b.c.i.u.g.PublishedGradleVersions - Gradle version information cache is up-to-date. Trying to read.
2020-11-30 23:12:14,020 [Worker-2: Loading available Gradle versions] INFO  o.e.b.c.i.u.g.PublishedGradleVersions - Gradle version information cache is up-to-date. Trying to read.
2020-11-30 23:39:36,807 [Worker-4: Loading available Gradle versions] INFO  o.e.b.c.i.u.g.PublishedGradleVersions - Gradle version information cache is up-to-date. Trying to read.
2020-12-01 12:02:40,818 [Worker-0: Loading available Gradle versions] INFO  o.e.b.c.i.u.g.PublishedGradleVersions - Gradle version information cache is up-to-date. Trying to read.
2020-12-02 09:43:53,181 [Worker-0: Loading available Gradle versions] INFO  o.e.b.c.i.u.g.PublishedGradleVersions - Gradle version information cache is up-to-date. Trying to read.
